  Examinando orígenes para las dependencias de módulo...
  ActivationFunction.h
  Compilando...
  ActivationFunction.h
  Image.c
  StringVec.c
  VectorPointers.c
  Vector_stress_tests.c
  Layer.c
  NeuralNetwork.c
  data_management.c
  Vector.c
  error_management.c
  Backpropagation.c
  Matrix.c
  ActivationFunction.c
  Hardlim.c
  Hardlims.c
  Linear.c
  Sigmoid.c
  Tanh.c
  main.c
  Random.c
  time_measurement.c
  Generando código...
cimgui.lib(cimgui.o) : fatal error LNK1143: archivo no válido o dañado: no hay símbolo para la sección 0x4E de COMDAT
